<?xml version="1.0" encoding="UTF-8"?>
<!-- Generated by org.testng.reporters.JUnitReportReporter -->
<testsuite skipped="0" hostname="UDAYANAND" name="com.freecrm.qa.thirdparty.ImportConceptWithAutoIT" tests="1" failures="0" timestamp="01 Nov 2018 05:20:57 GMT" time="31.298" errors="0">
  <testcase name="importData" time="31.298" classname="com.freecrm.qa.thirdparty.ImportConceptWithAutoIT"/>
</testsuite> <!-- com.freecrm.qa.thirdparty.ImportConceptWithAutoIT -->
