<?xml version="1.0" encoding="UTF-8"?>
<!-- Generated by org.testng.reporters.JUnitReportReporter -->
<testsuite skipped="0" hostname="UDAYANAND" name="com.freecrm.qa.testcases.SampleTest" tests="1" failures="0" timestamp="25 Oct 2018 00:34:28 GMT" time="28.371" errors="0">
  <testcase name="LoginAsUserTest" time="28.371" classname="com.freecrm.qa.testcases.SampleTest"/>
</testsuite> <!-- com.freecrm.qa.testcases.SampleTest -->
