<?xml version="1.0" encoding="UTF-8"?>
<!-- Generated by org.testng.reporters.JUnitReportReporter -->
<testsuite skipped="0" hostname="UDAYANAND" name="com.freecrm.qa.testcases.SampleTest" tests="1" failures="0" timestamp="24 Oct 2018 12:08:34 GMT" time="12.905" errors="0">
  <testcase name="LoginAsUserTest" time="12.905" classname="com.freecrm.qa.testcases.SampleTest"/>
</testsuite> <!-- com.freecrm.qa.testcases.SampleTest -->
