<?xml version="1.0" encoding="UTF-8"?>
<!-- Generated by org.testng.reporters.JUnitReportReporter -->
<testsuite skipped="0" hostname="UDAYANAND" name="com.freecrm.qa.testcases.LoginPageTest" tests="2" failures="0" timestamp="24 Oct 2018 12:37:54 GMT" time="46.263" errors="0">
  <testcase name="LoginAsUserTest" time="22.548" classname="com.freecrm.qa.testcases.LoginPageTest"/>
  <testcase name="loginTest" time="23.715" classname="com.freecrm.qa.testcases.LoginPageTest"/>
</testsuite> <!-- com.freecrm.qa.testcases.LoginPageTest -->
