<?xml version="1.0" encoding="UTF-8"?>
<!-- Generated by org.testng.reporters.JUnitReportReporter -->
<testsuite skipped="0" hostname="UDAYANAND" name="com.freecrm.qa.testcases.AddContactPageTest" tests="1" failures="0" timestamp="25 Oct 2018 09:02:07 GMT" time="31.257" errors="0">
  <testcase name="validateCreateNewContact" time="31.257" classname="com.freecrm.qa.testcases.AddContactPageTest"/>
</testsuite> <!-- com.freecrm.qa.testcases.AddContactPageTest -->
