<?xml version="1.0" encoding="UTF-8"?>
<!-- Generated by org.testng.reporters.JUnitReportReporter -->
<testsuite skipped="0" hostname="UDAYANAND" name="com.freecrm.qa.thirdparty.ImportByRobotClassInJavaAWT" tests="1" failures="0" timestamp="01 Nov 2018 06:21:40 GMT" time="51.972" errors="0">
  <testcase name="importData" time="51.972" classname="com.freecrm.qa.thirdparty.ImportByRobotClassInJavaAWT"/>
</testsuite> <!-- com.freecrm.qa.thirdparty.ImportByRobotClassInJavaAWT -->
